<?xml version="1.0" encoding="UTF-8"?>
<!-- Generated by org.testng.reporters.JUnitReportReporter -->
<testsuite hostname="DESKTOP-PQKHL93" failures="0" tests="1" name="test.PimTest" time="5.059" errors="0" timestamp="2022-08-25T11:33:31 EDT" skipped="0">
  <testcase classname="test.PimTest" name="verifyUserImgDisplayed" time="5.059"/>
  <system-out/>
</testsuite> <!-- test.PimTest -->
