<?xml version="1.0" encoding="UTF-8"?>
<!-- Generated by org.testng.reporters.JUnitReportReporter -->
<testsuite hostname="DESKTOP-PQKHL93" failures="0" tests="5" name="test.LoginTest" time="6.626" errors="0" timestamp="2022-08-25T11:40:54 EDT" skipped="0">
  <testcase classname="test.LoginTest" name="verifyLoginPGurl" time="0.031"/>
  <system-out/>
  <testcase classname="test.LoginTest" name="verifyTitleLoginPG" time="1.118"/>
  <system-out/>
  <testcase classname="test.LoginTest" name="VerifyOfficalPGlink" time="0.105"/>
  <system-out/>
  <testcase classname="test.LoginTest" name="VerifyLoginbtnenabled" time="0.035"/>
  <system-out/>
  <testcase classname="test.LoginTest" name="VerifyLogin" time="5.337"/>
  <system-out/>
</testsuite> <!-- test.LoginTest -->
