<?xml version="1.0" encoding="UTF-8"?>
<!-- Generated by org.testng.reporters.JUnitReportReporter -->
<testsuite hostname="DESKTOP-PQKHL93" failures="0" tests="1" name="annotation_sequence.AnnotationsM2" time="0.004" errors="0" timestamp="2022-08-17T19:23:49 EDT" skipped="0">
  <testcase classname="annotation_sequence.AnnotationsM2" name="Method1" time="0.004"/>
  <system-out/>
</testsuite> <!-- annotation_sequence.AnnotationsM2 -->
