<?xml version="1.0" encoding="UTF-8"?>
<!-- Generated by org.testng.reporters.JUnitReportReporter -->
<testsuite hostname="DESKTOP-PQKHL93" failures="0" tests="4" name="sequenceoftestcases.WithoutPriority" time="0.011" errors="0" timestamp="2022-08-17T19:23:49 EDT" skipped="0">
  <testcase classname="sequenceoftestcases.WithoutPriority" name="aTestCase1" time="0.002"/>
  <system-out/>
  <testcase classname="sequenceoftestcases.WithoutPriority" name="TestCase4" time="0.002"/>
  <system-out>
    <![CDATA[Checking log Priyanka]]>
  </system-out>
  <testcase classname="sequenceoftestcases.WithoutPriority" name="aTestCase" time="0.003"/>
  <system-out/>
  <testcase classname="sequenceoftestcases.WithoutPriority" name="aTestCase2" time="0.004"/>
  <system-out/>
</testsuite> <!-- sequenceoftestcases.WithoutPriority -->
