<?xml version="1.0" encoding="UTF-8"?>
<!-- Generated by org.testng.reporters.JUnitReportReporter -->
<testsuite hostname="DESKTOP-PQKHL93" failures="0" tests="4" name="sequenceoftestcases.CheckingTestCaseSequence" time="0.021" errors="0" timestamp="2022-08-17T19:23:49 EDT" skipped="0">
  <testcase classname="sequenceoftestcases.CheckingTestCaseSequence" name="TestCase4" time="0.007"/>
  <system-out/>
  <testcase classname="sequenceoftestcases.CheckingTestCaseSequence" name="TestCase1" time="0.004"/>
  <system-out/>
  <testcase classname="sequenceoftestcases.CheckingTestCaseSequence" name="Testcase2" time="0.006"/>
  <system-out/>
  <testcase classname="sequenceoftestcases.CheckingTestCaseSequence" name="TestCase3" time="0.004"/>
  <system-out>
    <![CDATA[Checkin Log Priyanka]]>
  </system-out>
</testsuite> <!-- sequenceoftestcases.CheckingTestCaseSequence -->
